
Showing logs for build [32mtroyhart-jx-sd2-master-7frxz-1[0m stage [32mfrom-build-pack[0m and container [32mstep-credential-initializer-nxlzb[0m
{"level":"warn","ts":1587399346.4247246,"logger":"fallback-logger","caller":"logging/config.go:69","msg":"Fetch GitHub commit ID from kodata failed: \"ref: refs/heads/0.8.0-**-support-backwards-incompats\" is not a valid GitHub commit ID"}
{"level":"info","ts":1587399346.426747,"logger":"fallback-logger","caller":"creds-init/main.go:40","msg":"Credentials initialized."}

Showing logs for build [32mtroyhart-jx-sd2-master-7frxz-1[0m stage [32mfrom-build-pack[0m and container [32mstep-working-dir-initializer-jrbn5[0m
{"level":"warn","ts":1587399347.4641736,"logger":"fallback-logger","caller":"logging/config.go:69","msg":"Fetch GitHub commit ID from kodata failed: open /var/run/ko/HEAD: no such file or directory"}
{"level":"info","ts":1587399347.4672675,"logger":"fallback-logger","caller":"bash/main.go:64","msg":"Successfully executed command \"sh -c mkdir -p /workspace/source\"; output "}

Showing logs for build [32mtroyhart-jx-sd2-master-7frxz-1[0m stage [32mfrom-build-pack[0m and container [32mstep-place-tools[0m

Showing logs for build [32mtroyhart-jx-sd2-master-7frxz-1[0m stage [32mfrom-build-pack[0m and container [32mstep-git-source-troyhart-jx-sd2-master-7frxz-gsb6r[0m
{"level":"warn","ts":1587399358.01716,"logger":"fallback-logger","caller":"logging/config.go:69","msg":"Fetch GitHub commit ID from kodata failed: \"ref: refs/heads/0.8.0-**-support-backwards-incompats\" is not a valid GitHub commit ID"}
{"level":"info","ts":1587399358.7913,"logger":"fallback-logger","caller":"git/git.go:103","msg":"Successfully cloned https://github.com/********/**-sd2.git @ v0.0.1 in path /workspace/source"}

Showing logs for build [32mtroyhart-jx-sd2-master-7frxz-1[0m stage [32mfrom-build-pack[0m and container [32mstep-git-merge[0m
Using SHAs from PULL_REFS=master:2deceac103583f70914205b8feb3ffe958ddc950
WARNING: no SHAs to merge, falling back to initial cloned commit

Showing logs for build [32mtroyhart-jx-sd2-master-7frxz-1[0m stage [32mfrom-build-pack[0m and container [32mstep-setup-jx-git-credentials[0m
Generated Git credentials file /workspace/xdg_config/git/credentials

Showing logs for build [32mtroyhart-jx-sd2-master-7frxz-1[0m stage [32mfrom-build-pack[0m and container [32mstep-build-mvn-deploy[0m
Picked up _JAVA_OPTIONS: -XX:+UnlockExperimentalVMOptions -Dsun.zip.disableMemoryMapping=true -XX:+UseParallelGC -XX:MinHeapFreeRatio=5 -XX:MaxHeapFreeRatio=10 -XX:GCTimeRatio=4 -XX:AdaptiveSizePolicyWeight=90 -Xms10m -Xmx192m
[INFO] Scanning for projects...
[INFO] 
[INFO] -------------------------< com.example:**-sd2 >-------------------------
[INFO] Building **-sd2 0.0.1
[INFO] --------------------------------[ jar ]---------------------------------
[INFO] 
[INFO] --- maven-clean-plugin:3.1.0:clean (default-clean) @ **-sd2 ---
[INFO] 
[INFO] --- maven-resources-plugin:3.1.0:resources (default-resources) @ **-sd2 ---
[INFO] Using 'UTF-8' encoding to copy filtered resources.
[INFO] Copying 1 resource
[INFO] Copying 0 resource
[INFO] 
[INFO] --- maven-compiler-plugin:3.8.1:compile (default-compile) @ **-sd2 ---
[INFO] Changes detected - recompiling the module!
[INFO] Compiling 1 source file to /workspace/source/target/classes
[INFO] 
[INFO] --- maven-resources-plugin:3.1.0:testResources (default-testResources) @ **-sd2 ---
[INFO] Using 'UTF-8' encoding to copy filtered resources.
[INFO] skip non existing resourceDirectory /workspace/source/src/test/resources
[INFO] 
[INFO] --- maven-compiler-plugin:3.8.1:testCompile (default-testCompile) @ **-sd2 ---
[INFO] Changes detected - recompiling the module!
[INFO] Compiling 1 source file to /workspace/source/target/test-classes
[INFO] 
[INFO] --- maven-surefire-plugin:3.0.0-M1:test (default-test) @ **-sd2 ---
[INFO] 
[INFO] -------------------------------------------------------
[INFO]  T E S T S
[INFO] -------------------------------------------------------
[INFO] Running com.example.**sd2.JxSd2ApplicationTests
16:16:53.889 [main] DEBUG org.springframework.test.context.BootstrapUtils - Instantiating CacheAwareContextLoaderDelegate from class [org.springframework.test.context.cache.DefaultCacheAwareContextLoaderDelegate]
16:16:53.932 [main] DEBUG org.springframework.test.context.BootstrapUtils - Instantiating BootstrapContext using constructor [public org.springframework.test.context.support.DefaultBootstrapContext(java.lang.Class,org.springframework.test.context.CacheAwareContextLoaderDelegate)]
16:16:54.122 [main] DEBUG org.springframework.test.context.BootstrapUtils - Instantiating TestContextBootstrapper for test class [com.example.**sd2.JxSd2ApplicationTests] from class [org.springframework.boot.test.context.SpringBootTestContextBootstrapper]
16:16:54.202 [main] INFO org.springframework.boot.test.context.SpringBootTestContextBootstrapper - Neither @ContextConfiguration nor @ContextHierarchy found for test class [com.example.**sd2.JxSd2ApplicationTests], using SpringBootContextLoader
16:16:54.214 [main] DEBUG org.springframework.test.context.support.AbstractContextLoader - Did not detect default resource location for test class [com.example.**sd2.JxSd2ApplicationTests]: class path resource [com/example/**sd2/JxSd2ApplicationTests-context.xml] does not exist
16:16:54.216 [main] DEBUG org.springframework.test.context.support.AbstractContextLoader - Did not detect default resource location for test class [com.example.**sd2.JxSd2ApplicationTests]: class path resource [com/example/**sd2/JxSd2ApplicationTestsContext.groovy] does not exist
16:16:54.283 [main] INFO org.springframework.test.context.support.AbstractContextLoader - Could not detect default resource locations for test class [com.example.**sd2.JxSd2ApplicationTests]: no resource found for suffixes {-context.xml, Context.groovy}.
16:16:54.286 [main] INFO org.springframework.test.context.support.AnnotationConfigContextLoaderUtils - Could not detect default configuration classes for test class [com.example.**sd2.JxSd2ApplicationTests]: JxSd2ApplicationTests does not declare any static, non-private, non-final, nested classes annotated with @Configuration.
16:16:54.394 [main] DEBUG org.springframework.test.context.support.ActiveProfilesUtils - Could not find an 'annotation declaring class' for annotation type [org.springframework.test.context.ActiveProfiles] and class [com.example.**sd2.JxSd2ApplicationTests]
16:16:54.503 [main] DEBUG org.springframework.context.annotation.ClassPathScanningCandidateComponentProvider - Identified candidate component class: file [/workspace/source/target/classes/com/example/**sd2/JxSd2Application.class]
16:16:54.504 [main] INFO org.springframework.boot.test.context.SpringBootTestContextBootstrapper - Found @SpringBootConfiguration com.example.**sd2.JxSd2Application for test class com.example.**sd2.JxSd2ApplicationTests
16:16:54.794 [main] DEBUG org.springframework.boot.test.context.SpringBootTestContextBootstrapper - @TestExecutionListeners is not present for class [com.example.**sd2.JxSd2ApplicationTests]: using defaults.
16:16:54.794 [main] INFO org.springframework.boot.test.context.SpringBootTestContextBootstrapper - Loaded default TestExecutionListener class names from location [META-INF/spring.factories]: [org.springframework.boot.test.mock.mockito.MockitoTestExecutionListener, org.springframework.boot.test.mock.mockito.ResetMocksTestExecutionListener, org.springframework.boot.test.autoconfigure.restdocs.RestDocsTestExecutionListener, org.springframework.boot.test.autoconfigure.web.client.MockRestServiceServerResetTestExecutionListener, org.springframework.boot.test.autoconfigure.web.servlet.MockMvcPrintOnlyOnFailureTestExecutionListener, org.springframework.boot.test.autoconfigure.web.servlet.WebDriverTestExecutionListener, org.springframework.test.context.web.ServletTestExecutionListener, org.springframework.test.context.support.DirtiesContextBeforeModesTestExecutionListener, org.springframework.test.context.support.DependencyInjectionTestExecutionListener, org.springframework.test.context.support.DirtiesContextTestExecutionListener, org.springframework.test.context.transaction.TransactionalTestExecutionListener, org.springframework.test.context.jdbc.SqlScriptsTestExecutionListener, org.springframework.test.context.event.EventPublishingTestExecutionListener]
16:16:54.883 [main] DEBUG org.springframework.boot.test.context.SpringBootTestContextBootstrapper - Skipping candidate TestExecutionListener [org.springframework.test.context.transaction.TransactionalTestExecutionListener] due to a missing dependency. Specify custom listener classes or make the default listener classes and their required dependencies available. Offending class: [org/springframework/transaction/TransactionDefinition]
16:16:54.884 [main] DEBUG org.springframework.boot.test.context.SpringBootTestContextBootstrapper - Skipping candidate TestExecutionListener [org.springframework.test.context.jdbc.SqlScriptsTestExecutionListener] due to a missing dependency. Specify custom listener classes or make the default listener classes and their required dependencies available. Offending class: [org/springframework/transaction/interceptor/TransactionAttribute]
16:16:54.885 [main] INFO org.springframework.boot.test.context.SpringBootTestContextBootstrapper - Using TestExecutionListeners: [org.springframework.test.context.web.ServletTestExecutionListener@758705fa, org.springframework.test.context.support.DirtiesContextBeforeModesTestExecutionListener@ebaa6cb, org.springframework.boot.test.mock.mockito.MockitoTestExecutionListener@906d29b, org.springframework.boot.test.autoconfigure.SpringBootDependencyInjectionTestExecutionListener@49d3c823, org.springframework.test.context.support.DirtiesContextTestExecutionListener@436bc36, org.springframework.test.context.event.EventPublishingTestExecutionListener@5fe1ce85, org.springframework.boot.test.mock.mockito.ResetMocksTestExecutionListener@604c5de8, org.springframework.boot.test.autoconfigure.restdocs.RestDocsTestExecutionListener@37091312, org.springframework.boot.test.autoconfigure.web.client.MockRestServiceServerResetTestExecutionListener@66fdec9, org.springframework.boot.test.autoconfigure.web.servlet.MockMvcPrintOnlyOnFailureTestExecutionListener@57abad67, org.springframework.boot.test.autoconfigure.web.servlet.WebDriverTestExecutionListener@550a1967]
16:16:54.895 [main] DEBUG org.springframework.test.context.support.AbstractDirtiesContextTestExecutionListener - Before test class: context [DefaultTestContext@6ad59d92 testClass = JxSd2ApplicationTests, testInstance = [null], testMethod = [null], testException = [null], mergedContextConfiguration = [WebMergedContextConfiguration@56f0cc85 testClass = JxSd2ApplicationTests, locations = '{}', classes = '{class com.example.**sd2.JxSd2Application}', contextInitializerClasses = '[]', activeProfiles = '{}', propertySourceLocations = '{}', propertySourceProperties = '{org.springframework.boot.test.context.SpringBootTestContextBootstrapper=true}', contextCustomizers = set[org.springframework.boot.test.context.filter.ExcludeFilterContextCustomizer@57db2b13, org.springframework.boot.test.json.DuplicateJsonObjectContextCustomizerFactory$DuplicateJsonObjectContextCustomizer@5c7bfdc1, org.springframework.boot.test.mock.mockito.MockitoContextCustomizer@0, org.springframework.boot.test.web.client.TestRestTemplateContextCustomizer@d2de489, org.springframework.boot.test.autoconfigure.properties.PropertyMappingContextCustomizer@0, org.springframework.boot.test.autoconfigure.web.servlet.WebDriverContextCustomizerFactory$Customizer@311bf055], resourceBasePath = 'src/main/webapp', contextLoader = 'org.springframework.boot.test.context.SpringBootContextLoader', parent = [null]], attributes = map['org.springframework.test.context.web.ServletTestExecutionListener.activateListener' -> true]], class annotated with @DirtiesContext [false] with mode [null].
16:16:55.196 [main] DEBUG org.springframework.test.context.support.TestPropertySourceUtils - Adding inlined properties to environment: {spring.jmx.enabled=false, org.springframework.boot.test.context.SpringBootTestContextBootstrapper=true, server.port=-1}

  .   ____          _            __ _ _
 /\\ / ___'_ __ _ _(_)_ __  __ _ \ \ \ \
( ( )\___ | '_ | '_| | '_ \/ _` | \ \ \ \
 \\/  ___)| |_)| | | | | || (_| |  ) ) ) )
  '  |____| .__|_| |_|_| |_\__, | / / / /
 =========|_|==============|___/=/_/_/_/
 :: Spring Boot ::        (v2.2.6.RELEASE)

2020-04-20 16:16:56.692  INFO 71 --- [           main] com.example.**sd2.JxSd2ApplicationTests  : Starting JxSd2ApplicationTests on ********-**-sd2-master-7frxz-1-from-build-pack-s2q8l-pod-d2ed17 with PID 71 (started by root in /workspace/source)
2020-04-20 16:16:56.694  INFO 71 --- [           main] com.example.**sd2.JxSd2ApplicationTests  : No active profile set, falling back to default profiles: default
2020-04-20 16:17:08.896  INFO 71 --- [           main] o.s.s.concurrent.ThreadPoolTaskExecutor  : Initializing ExecutorService 'applicationTaskExecutor'
2020-04-20 16:17:12.929  INFO 71 --- [           main] o.s.b.a.e.web.EndpointLinksResolver      : Exposing 2 endpoint(s) beneath base path '/actuator'
2020-04-20 16:17:13.398  INFO 71 --- [           main] com.example.**sd2.JxSd2ApplicationTests  : Started JxSd2ApplicationTests in 18.099 seconds (JVM running for 24.211)
[INFO] Tests run: 1, Failures: 0, Errors: 0, Skipped: 0, Time elapsed: 22.482 s - in com.example.**sd2.JxSd2ApplicationTests
2020-04-20 16:17:15.693  INFO 71 --- [extShutdownHook] o.s.s.concurrent.ThreadPoolTaskExecutor  : Shutting down ExecutorService 'applicationTaskExecutor'
[INFO] 
[INFO] Results:
[INFO] 
[INFO] Tests run: 1, Failures: 0, Errors: 0, Skipped: 0
[INFO] 
[INFO] 
[INFO] --- maven-jar-plugin:3.1.2:jar (default-jar) @ **-sd2 ---
[INFO] Building jar: /workspace/source/target/**-sd2-0.0.1.jar
[INFO] 
[INFO] --- spring-boot-maven-plugin:2.2.6.RELEASE:repackage (repackage) @ **-sd2 ---
[INFO] Replacing main artifact with repackaged archive
[INFO] 
[INFO] --- maven-install-plugin:2.5.2:install (default-install) @ **-sd2 ---
[INFO] Installing /workspace/source/target/**-sd2-0.0.1.jar to /home/jenkins/.mvnrepository/com/example/**-sd2/0.0.1/**-sd2-0.0.1.jar
[INFO] Installing /workspace/source/pom.xml to /home/jenkins/.mvnrepository/com/example/**-sd2/0.0.1/**-sd2-0.0.1.pom
[INFO] 
[INFO] --- maven-deploy-plugin:2.8.2:deploy (default-deploy) @ **-sd2 ---
[INFO] Using alternate deployment repository local-nexus::default::http://nexus/repository/maven-releases/
[INFO] ------------------------------------------------------------------------
[INFO] BUILD SUCCESS
[INFO] ------------------------------------------------------------------------
[INFO] Total time:  01:19 min
[INFO] Finished at: 2020-04-20T16:17:28Z
[INFO] ------------------------------------------------------------------------

Showing logs for build [32mtroyhart-jx-sd2-master-7frxz-1[0m stage [32mfrom-build-pack[0m and container [32mstep-build-skaffold-version[0m
v1.0.1

Showing logs for build [32mtroyhart-jx-sd2-master-7frxz-1[0m stage [32mfrom-build-pack[0m and container [32mstep-build-container-build[0m
[36mINFO[0m[0000] Resolved base name openjdk:11-jre-slim to openjdk:11-jre-slim 
[36mINFO[0m[0000] Using dockerignore file: /workspace/source/.dockerignore 
[36mINFO[0m[0000] Resolved base name openjdk:11-jre-slim to openjdk:11-jre-slim 
[36mINFO[0m[0000] Retrieving image manifest openjdk:11-jre-slim 
[36mINFO[0m[0001] Retrieving image manifest openjdk:11-jre-slim 
[36mINFO[0m[0002] Built cross stage deps: map[]                
[36mINFO[0m[0002] Retrieving image manifest openjdk:11-jre-slim 
[36mINFO[0m[0002] Retrieving image manifest openjdk:11-jre-slim 
[36mINFO[0m[0003] cmd: EXPOSE                                  
[36mINFO[0m[0003] Adding exposed port: 8080/tcp                
[36mINFO[0m[0003] Resolving srcs [pom.xml target/lib*]...      
end of resolve sources
[36mINFO[0m[0003] Checking for cached layer docker-registry.default.svc.cluster.local:5000/todo/cache:758aaf1a9f6069e0d8c57f97e67e4b30649ca4efd6526a12bc38c9ad5cde9c04... 
[36mINFO[0m[0003] No cached layer found for cmd COPY pom.xml target/lib* /opt/lib/ 
[36mINFO[0m[0003] Resolving srcs [target/*.jar]...             
end of resolve sources
[36mINFO[0m[0003] Unpacking rootfs as cmd COPY pom.xml target/lib* /opt/lib/ requires it. 
[36mINFO[0m[0015] Taking snapshot of full filesystem...        
[36mINFO[0m[0016] Resolving paths                              
[36mINFO[0m[0018] ENV PORT 8080                                
[36mINFO[0m[0018] No files changed in this command, skipping snapshotting. 
[36mINFO[0m[0018] ENV CLASSPATH /opt/lib                       
[36mINFO[0m[0018] No files changed in this command, skipping snapshotting. 
[36mINFO[0m[0018] EXPOSE 8080                                  
[36mINFO[0m[0018] cmd: EXPOSE                                  
[36mINFO[0m[0018] Adding exposed port: 8080/tcp                
[36mINFO[0m[0018] No files changed in this command, skipping snapshotting. 
[36mINFO[0m[0018] Resolving srcs [pom.xml target/lib*]...      
end of resolve sources
[36mINFO[0m[0018] COPY pom.xml target/lib* /opt/lib/           
[36mINFO[0m[0018] Resolving srcs [pom.xml target/lib*]...      
end of resolve sources
[36mINFO[0m[0018] Resolving paths                              
[36mINFO[0m[0018] Taking snapshot of files...                  
[36mINFO[0m[0018] Pushing layer docker-registry.default.svc.cluster.local:5000/todo/cache:758aaf1a9f6069e0d8c57f97e67e4b30649ca4efd6526a12bc38c9ad5cde9c04 to cache now 
[36mINFO[0m[0018] Resolving srcs [target/*.jar]...             
end of resolve sources
[36mINFO[0m[0018] COPY target/*.jar /opt/app.jar               
[36mINFO[0m[0018] Resolving srcs [target/*.jar]...             
end of resolve sources
[36mINFO[0m[0018] Resolving paths                              
[36mINFO[0m[0018] Taking snapshot of files...                  
[36mINFO[0m[0020] Pushing layer docker-registry.default.svc.cluster.local:5000/todo/cache:d987ad0c7ed599f08248131201496534f243bc4e0cda7df1a1e92602ae2c97d8 to cache now 
[36mINFO[0m[0020] WORKDIR /opt                                 
[36mINFO[0m[0020] cmd: workdir                                 
[36mINFO[0m[0020] Changed working directory to /opt            
[36mINFO[0m[0020] No files changed in this command, skipping snapshotting. 
[36mINFO[0m[0020] CMD ["java", "-jar", "app.jar"]              
[36mINFO[0m[0020] No files changed in this command, skipping snapshotting. 
[33mWARN[0m[0023] error uploading layer to cache: failed to push to destination docker-registry.default.svc.cluster.local:5000/todo/cache:758aaf1a9f6069e0d8c57f97e67e4b30649ca4efd6526a12bc38c9ad5cde9c04: UNKNOWN: unknown error; map[Code:ImageStream:Unknown Err:map[ErrStatus:map[code:404 details:map[kind:namespaces name:todo] message:namespaces "todo" not found metadata:map[] reason:NotFound status:Failure]] Message:CreateImageStreamMapping: error creation of todo/cache ImageStreamMapping] 

Showing logs for build [32mtroyhart-jx-sd2-master-7frxz-1[0m stage [32mfrom-build-pack[0m and container [32mstep-build-post-build[0m
no CVE provider running in the current ** namespace so skip adding image to be analysed

Showing logs for build [32mtroyhart-jx-sd2-master-7frxz-1[0m stage [32mfrom-build-pack[0m and container [32mstep-promote-changelog[0m
Converted /workspace/source/charts/**-sd2 to an unshallow repository
Generating change log from git ref 64ac571e147bce67297bb01888e382a55be9816e => 5692b7664ead970df1f6f2ac837bf1fc9ac0d7b9
Associating user ******** in users.jenkins.io with email thart@myriad.com to git GitProvider user with login -0 as emails match
Adding label jenkins.io/git-github-userid=-0 to user ******** in users.jenkins.io
WARNING: Failed to enrich commit 2deceac103583f70914205b8feb3ffe958ddc950 with issues: User.jenkins.io "********" is invalid: metadata.labels: Invalid value: "-0": a valid label must be an empty string or consist of alphanumeric characters, '-', '_' or '.', and must start and end with an alphanumeric character (e.g. 'MyValue',  or 'my_value',  or '12345', regex used for validation is '(([A-Za-z0-9][-A-Za-z0-9_.]*)?[A-Za-z0-9])?')
Associating user ******** in users.jenkins.io with email thart@myriad.com to git GitProvider user with login -0 as emails match
Adding label jenkins.io/git-github-userid=-0 to user ******** in users.jenkins.io
WARNING: Failed to enrich commit 2deceac103583f70914205b8feb3ffe958ddc950 with issues: User.jenkins.io "********" is invalid: metadata.labels: Invalid value: "-0": a valid label must be an empty string or consist of alphanumeric characters, '-', '_' or '.', and must start and end with an alphanumeric character (e.g. 'MyValue',  or 'my_value',  or '12345', regex used for validation is '(([A-Za-z0-9][-A-Za-z0-9_.]*)?[A-Za-z0-9])?')
Finding issues in commit messages using git format
Associating user ******** in users.jenkins.io with email thart@myriad.com to git GitProvider user with login -0 as emails match
Adding label jenkins.io/git-github-userid=-0 to user ******** in users.jenkins.io
WARNING: Failed to enrich commit 6afc5779ef22f8c63e6e786921483ee7330600c6 with issues: User.jenkins.io "********" is invalid: metadata.labels: Invalid value: "-0": a valid label must be an empty string or consist of alphanumeric characters, '-', '_' or '.', and must start and end with an alphanumeric character (e.g. 'MyValue',  or 'my_value',  or '12345', regex used for validation is '(([A-Za-z0-9][-A-Za-z0-9_.]*)?[A-Za-z0-9])?')
Associating user ******** in users.jenkins.io with email thart@myriad.com to git GitProvider user with login -0 as emails match
Adding label jenkins.io/git-github-userid=-0 to user ******** in users.jenkins.io
WARNING: Failed to enrich commit 6afc5779ef22f8c63e6e786921483ee7330600c6 with issues: User.jenkins.io "********" is invalid: metadata.labels: Invalid value: "-0": a valid label must be an empty string or consist of alphanumeric characters, '-', '_' or '.', and must start and end with an alphanumeric character (e.g. 'MyValue',  or 'my_value',  or '12345', regex used for validation is '(([A-Za-z0-9][-A-Za-z0-9_.]*)?[A-Za-z0-9])?')
WARNING: No release found for ********/**-sd2 and tag v0.0.1 so creating a new release
Updated the release information at https://github.com/********/**-sd2/releases/tag/v0.0.1
generated: /workspace/source/charts/**-sd2/templates/release.yaml
Created Release **-sd2-0-0-1 resource in namespace **
Updating PipelineActivity ********-**-sd2-master-1 with version 0.0.1
Updated PipelineActivities ********-**-sd2-master-1 with release notes URL: https://github.com/********/**-sd2/releases/tag/v0.0.1

Showing logs for build [32mtroyhart-jx-sd2-master-7frxz-1[0m stage [32mfrom-build-pack[0m and container [32mstep-promote-helm-release[0m
WARNING: No $CHART_REPOSITORY defined so using the default value of: http://jenkins-x-chartmuseum:8080
Adding missing Helm repo: storage.googleapis.com https://storage.googleapis.com/chartmuseum.jenkins-x.io
Successfully added Helm repository storage.googleapis.com.
Adding missing Helm repo: jenkins-x-chartmuseum http://jenkins-x-chartmuseum:8080
Successfully added Helm repository jenkins-x-chartmuseum.
WARNING: No $CHART_REPOSITORY defined so using the default value of: http://jenkins-x-chartmuseum:8080
Uploading chart file **-sd2-0.0.1.tgz to http://jenkins-x-chartmuseum:8080/api/charts
Received 201 response: {"saved":true}

Showing logs for build [32mtroyhart-jx-sd2-master-7frxz-1[0m stage [32mfrom-build-pack[0m and container [32mstep-promote-jx-promote[0m
WARNING: prow based install so skip waiting for the merge of Pull Requests to go green as currently there is an issue with gettingstatuses from the PR, see https://github.com/jenkins-x/**/issues/2410
WARNING: No $CHART_REPOSITORY defined so using the default value of: http://jenkins-x-chartmuseum:8080
Promoting app **-sd2 version 0.0.1 to namespace **-staging
WARNING: 
Created Pull Request: https://github.com/********/environment-**osopsdemoos311-staging/pull/18
Added label updatebot to Pull Request https://github.com/********/environment-**osopsdemoos311-staging/pull/18
got git provider status pending from PR https://github.com/********/environment-**osopsdemoos311-staging/pull/18
got git provider status pending from PR https://github.com/********/environment-**osopsdemoos311-staging/pull/18
got git provider status pending from PR https://github.com/********/environment-**osopsdemoos311-staging/pull/18
got git provider status pending from PR https://github.com/********/environment-**osopsdemoos311-staging/pull/18
got git provider status pending from PR https://github.com/********/environment-**osopsdemoos311-staging/pull/18
got git provider status pending from PR https://github.com/********/environment-**osopsdemoos311-staging/pull/18
got git provider status pending from PR https://github.com/********/environment-**osopsdemoos311-staging/pull/18
Pull Request https://github.com/********/environment-**osopsdemoos311-staging/pull/18 is merged at sha cbd291bf43206321fcdf32fcdde0444778b4b313
Pull Request merged but we are not waiting for the update pipeline to complete!
WARNING: Could not find the service URL in namespace **-staging for names **-sd2, **-**-sd2, **-staging-**-sd2
